<?xml version="1.0" encoding="UTF-8"?>
<!-- Generated by org.testng.reporters.JUnitReportReporter -->
<testsuite hostname="QT-INHD-LT0694" failures="0" tests="3" name="testOctober.test" time="0.011" errors="0" timestamp="2023-02-09T21:01:32 IST" skipped="0">
  <testcase classname="testOctober.test" name="test3_multiplication" time="0.001"/>
  <system-out/>
  <testcase classname="testOctober.test" name="test2_subtraction" time="0.001"/>
  <system-out/>
  <testcase classname="testOctober.test" name="test1_addition" time="0.009"/>
  <system-out/>
</testsuite> <!-- testOctober.test -->
